-BuildStarted
--ProjectStarted
---TargetStarted
----TaskStarted
----TaskFinished
---TargetFinished
---TargetStarted
----TaskStarted
---TargetStarted
----TaskStarted
--ProjectStarted
---TargetStarted
----TaskStarted
----TaskFinished
----TaskStarted
----TaskFinished
---TargetFinished
---TargetStarted
---TargetFinished
---TargetStarted
----TaskStarted
----TaskFinished
---TargetFinished
---TargetStarted
----TaskStarted
----TaskFinished
----TaskStarted
----TaskFinished
---TargetFinished
---TargetStarted
----TaskStarted
----TaskFinished
----TaskStarted
----TaskFinished
----TaskStarted
----TaskFinished
----TaskStarted
----TaskFinished
---TargetFinished
---TargetStarted
---TargetFinished
---TargetStarted
----TaskStarted
----TaskFinished
----TaskStarted
----TaskFinished
---TargetFinished
---TargetStarted
----TaskStarted
----TaskFinished
----TaskStarted
----TaskFinished
---TargetFinished
---TargetStarted
---TargetFinished
---TargetStarted
---TargetFinished
---TargetStarted
----TaskStarted
----TaskFinished
----TaskStarted
----TaskFinished
----TaskStarted
----TaskFinished
----TaskStarted
----TaskFinished
---TargetFinished
---TargetStarted
----TaskStarted
----TaskFinished
----TaskStarted
----TaskFinished
----TaskStarted
----TaskFinished
----TaskStarted
----TaskFinished
----TaskStarted
----TaskFinished
---TargetFinished
---TargetStarted
----TaskStarted
----TaskFinished
----TaskStarted
----TaskFinished
---TargetFinished
---TargetStarted
---TargetFinished
---TargetStarted
----TaskStarted
----TaskFinished
----TaskStarted
----TaskFinished
----TaskStarted
----TaskFinished
---TargetFinished
---TargetStarted
---TargetFinished
---TargetStarted
----TaskStarted
----TaskFinished
---TargetFinished
---TargetStarted
---TargetFinished
---TargetStarted
---TargetFinished
---TargetStarted
---TargetFinished
---TargetStarted
---TargetFinished
---TargetStarted
---TargetFinished
---TargetStarted
---TargetFinished
---TargetStarted
---TargetFinished
---TargetStarted
---TargetFinished
---TargetStarted
---TargetFinished
---TargetStarted
---TargetFinished
---TargetStarted
----TaskStarted
----TaskFinished
---TargetFinished
---TargetStarted
----TaskStarted
----TaskFinished
----TaskStarted
----TaskFinished
---TargetFinished
---TargetStarted
---TargetFinished
---TargetStarted
----TaskStarted
----TaskFinished
----TaskStarted
----TaskFinished
----TaskStarted
----TaskFinished
---TargetFinished
---TargetStarted
----TaskStarted
----TaskFinished
----TaskStarted
----TaskFinished
----TaskStarted
----TaskFinished
----TaskStarted
----TaskFinished
----TaskStarted
----TaskFinished
----TaskStarted
----TaskFinished
----TaskStarted
----TaskFinished
---TargetFinished
---TargetStarted
---TargetFinished
---TargetStarted
----TaskStarted
----TaskFinished
----TaskStarted
----TaskFinished
----TaskStarted
----TaskFinished
----TaskStarted
----TaskFinished
----TaskStarted
----TaskFinished
----TaskStarted
----TaskFinished
----TaskStarted
----TaskFinished
---TargetFinished
---TargetStarted
----TaskStarted
----TaskFinished
----TaskStarted
----TaskFinished
----TaskStarted
----TaskFinished
----TaskStarted
----TaskFinished
----TaskStarted
----TaskFinished
----TaskStarted
----TaskFinished
----TaskStarted
----TaskFinished
----TaskStarted
----TaskFinished
---TargetFinished
---TargetStarted
---TargetFinished
---TargetStarted
---TargetFinished
---TargetStarted
---TargetFinished
--ProjectFinished
----TaskFinished
---TargetFinished
---TargetStarted
----TaskStarted
--ProjectStarted
---TargetStarted
----TaskStarted
----TaskFinished
----TaskStarted
----TaskFinished
---TargetFinished
---TargetStarted
---TargetFinished
---TargetStarted
----TaskStarted
----TaskFinished
---TargetFinished
---TargetStarted
----TaskStarted
----TaskFinished
----TaskStarted
----TaskFinished
---TargetFinished
---TargetStarted
----TaskStarted
----TaskFinished
----TaskStarted
----TaskFinished
----TaskStarted
----TaskFinished
----TaskStarted
----TaskFinished
---TargetFinished
---TargetStarted
---TargetFinished
---TargetStarted
----TaskStarted
----TaskFinished
----TaskStarted
----TaskFinished
---TargetFinished
---TargetStarted
----TaskStarted
----TaskFinished
----TaskStarted
----TaskFinished
---TargetFinished
---TargetStarted
----TaskStarted
--ProjectStarted
--ProjectFinished
----TaskFinished
----TaskStarted
--ProjectStarted
---TargetStarted
---TargetFinished
--ProjectFinished
----TaskFinished
---TargetFinished
---TargetStarted
----TaskStarted
----TaskFinished
----TaskStarted
----TaskFinished
---TargetFinished
---TargetStarted
----TaskStarted
----TaskFinished
----TaskStarted
----TaskFinished
----TaskStarted
----TaskFinished
---TargetFinished
---TargetStarted
---TargetFinished
---TargetStarted
---TargetFinished
---TargetStarted
----TaskStarted
----TaskFinished
----TaskStarted
----TaskFinished
----TaskStarted
----TaskFinished
----TaskStarted
----TaskFinished
---TargetFinished
---TargetStarted
----TaskStarted
----TaskFinished
----TaskStarted
----TaskFinished
----TaskStarted
----TaskFinished
----TaskStarted
----TaskFinished
----TaskStarted
----TaskFinished
---TargetFinished
---TargetStarted
----TaskStarted
----TaskFinished
----TaskStarted
----TaskFinished
---TargetFinished
---TargetStarted
---TargetFinished
---TargetStarted
----TaskStarted
----TaskFinished
----TaskStarted
----TaskFinished
----TaskStarted
----TaskFinished
---TargetFinished
---TargetStarted
---TargetFinished
---TargetStarted
----TaskStarted
----TaskFinished
---TargetFinished
---TargetStarted
---TargetFinished
---TargetStarted
---TargetFinished
---TargetStarted
---TargetFinished
---TargetStarted
---TargetFinished
---TargetStarted
---TargetFinished
---TargetStarted
---TargetFinished
---TargetStarted
---TargetFinished
---TargetStarted
---TargetFinished
---TargetStarted
---TargetFinished
---TargetStarted
---TargetFinished
---TargetStarted
----TaskStarted
----TaskFinished
---TargetFinished
---TargetStarted
----TaskStarted
--ProjectStarted
--ProjectFinished
----TaskFinished
----TaskStarted
----TaskFinished
----TaskStarted
----TaskFinished
---TargetFinished
---TargetStarted
---TargetFinished
---TargetStarted
----TaskStarted
----TaskFinished
----TaskStarted
----TaskFinished
----TaskStarted
----TaskFinished
---TargetFinished
---TargetStarted
----TaskStarted
----TaskFinished
----TaskStarted
----TaskFinished
----TaskStarted
----TaskFinished
----TaskStarted
----TaskFinished
----TaskStarted
----TaskFinished
----TaskStarted
----TaskFinished
----TaskStarted
----TaskFinished
---TargetFinished
---TargetStarted
---TargetFinished
---TargetStarted
----TaskStarted
----TaskFinished
----TaskStarted
----TaskFinished
----TaskStarted
----TaskFinished
----TaskStarted
----TaskFinished
----TaskStarted
----TaskFinished
----TaskStarted
----TaskFinished
----TaskStarted
----TaskFinished
---TargetFinished
---TargetStarted
----TaskStarted
----TaskFinished
----TaskStarted
----TaskFinished
----TaskStarted
----TaskFinished
----TaskStarted
----TaskFinished
----TaskStarted
----TaskFinished
----TaskStarted
----TaskFinished
----TaskStarted
----TaskFinished
----TaskStarted
----TaskFinished
---TargetFinished
---TargetStarted
---TargetFinished
---TargetStarted
---TargetFinished
---TargetStarted
---TargetFinished
--ProjectFinished
----TaskFinished
---TargetFinished
----TaskFinished
---TargetFinished
--ProjectFinished
-BuildFinished
